500
0 4644 3005 2279 2551 3297 273 9301 7155 4821 9887 790 6859 3053 1020 6258 935 9968 1668
1 4644 1181 2331 246 9636 3743 8140 7837 2787 4726 4293 4107 847 7762
2 578 2279 4644 8140 3005 2744 4066 8423 3895 8824 1019 2408 1020 949 6258 6101 9968 3894 935 2240
3 273 4644 5069 493 790 3743 2486 2787 1276 4667 4721 2744 4230 3926 6258 1496 4340 935
4 4644 4726 3005 2085 7155 273 9132 2486 8342 5330 6269 9301 5232 366 2279 8140 813 9265 6258 7880 1668 2240 5715
5 4644 4086 273 7155 6506 3888 2787 6457 8175 6258 1668 9968 2
6 4721 1336 3523 4644 3743 2551 2741 2787 4667 3153 915 1323 6101 9968
7 8140 8040 7977 915 2551 2152 6653 2202 5330 3005 578 3743 6258 871 6101 9688 6899 9968 1668 935 5715 2240
8 8140 4644 2279 4086 9636 2551 3745 9301 1019 6103 3523 3005 3053 6269 9265 6258
9 4644 2486 2787 366 9640 790 4066 3417 2896 3473 2326 3375 246 813 4134 6101 6258 2240
10 3005 4644 871 6266 3523 6269 3859 1336 2741 1122 2085 578 4407 4985 6258 1668
11 2551 8140 4644 3153 578 3005 1728 3743 2279 6859 4407 3523 9640 6258 4985 7880 6101 3894 2240
12 4726 2486 4721 8040 8981 2787 273 191 578 8618 7155 5509 9265 7709 6258 3111
13 7837 1336 3005 8618 8824 246 366 9640 790 210 1020 5682 6698 6468 3743 8140 9398 5525 3926 4985 6258 935
14 4644 790 2551 3005 493 3743 273 4407 1423 8549 7228 8140 5234 6258 935 745
15 3005 366 7977 3888 246 493 790 2279 2551 1336 2085 2896 8140 9265 6258 9968 935 3894 7949 5715 2240
16 4644 2486 3005 4721 3743 3888 3926 1019 2551 273 8140 1181 1905 4941 6258 6054 1668 2962
17 4721 8140 3523 9640 4644 2741 273 2744 3005 2551 1181 7115 6859 8841 9265 7285 1956 2128 6258 8125
18 4644 790 2787 6468 8140 9688 6859 6249 1020 4086 133 366 8389 6698 6351 2128 8618 6258 4027 2240
19 366 3743 4644 3005 2551 8140 2279 8824 1694 6266 246 5155 8743 4060 9301 6258 7762
20 2279 4726 2787 482 5330 2486 3005 2741 4486 4086 5547 4644 3743 8566 8140 6101 9265 7880 935
21 2787 2279 246 5509 9265 4726 6859 3005 3053 1796 2551 8618 790 5525 3926 2085 3743 1020 9887 8841 1668 935
22 4644 4726 2744 1581 2279 6698 7837 8416 8186 5069 8841 7459 6258 1668
23 4644 1336 8140 2551 246 9293 4726 8389 366 790 3895 3005 8040 3053 9688 8423 4134 813 2128 9301 6101 1042 745 2240 5715
24 3005 790 9640 3743 8140 9161 2152 4293 7115 4726 5330 4880 1181 9265 2240
25 4721 366 4726 2551 3888 3297 3005 6859 790 4407 8140 8423 8342 3053 4340 9968 6258 1668 2962
26 4644 246 8140 3523 273 7837 2744 1020 915 472 6269 7155 9132 9301 8618 7762 2240
27 7155 4726 5069 3523 4027 3005 2486 2787 1323 2085 4407 1336 2331 3417 6258 4066 8140 9968 1668 2240 2962
28 790 578 4293 3888 9636 4644 2279 4486 8342 1336 6258 9301 9968 9265 6101 2240 2
29 366 3005 1336 3888 6859 4726 1019 4407 8052 4293 2279 6258 9301 847 935 79
30 4644 8140 3005 3494 915 3926 2279 4726 3523 9640 4407 1020 8949 4345 4928 450 6101 6258 9968 79
31 578 3005 9640 2896 9887 4086 9265 8342 871 1905 246 1230 6698 1181 2741 4667 1694 4985 6101
32 4644 8040 3005 6859 4985 7115 3153 366 2787 4667 8140 3053 2741 7837 2896 246 6258 2128 4340 6547 9968
33 3005 2279 4721 578 4086 2744 3523 273 9636 7977 7285 6258 9301 450 6054 6547 2
34 3005 3743 2787 133 4644 9636 8750 4721 5069 273 3745 246 9301 8618 8140 6258 9659 9265 79
35 4644 2486 2279 2741 9636 1276 3743 10 191 8140 9132 4704 699 3926 450 4027 6258 9968 3982 2962
36 3005 3523 8140 4726 2787 366 3745 1336 3743 246 3417 5135 1020 798 3053 6258 4928 4071 9968
37 9640 7155 5234 3523 1336 8045 3743 4407 472 5330 2279 8140 1496 6258 2264
38 790 2279 4644 9235 493 7582 3743 5234 3926 366 4941 4667 246 9301 4340 9968 935 2240
39 4726 8140 3005 2279 8750 3743 3375 1581 2486 4721 6269 9745 1252 9159 9659 1496 6258 6101 1534 2240
40 3005 2744 4766 4644 9459 3267 871 6258 8750 1728 5525 4407 1905 9293 1670 4985 5715
41 4644 4726 9640 3417 790 6258 1796 8040 2279 4821 6213 2486 1423 7459 9301 4985
42 4726 3005 1181 578 3743 4293 353 7155 5961 3417 2279 6258 8140 9301 8618 7880 2240
43 790 3005 4644 3523 2744 366 6698 8824 6266 6506 2486 1020 133 9265 246 8423 847 3894 9968 2240
44 3523 4726 9636 2787 6258 4086 1020 8052 4985 9688 2279 5330 9293 3926 4407 450 6101 6920 6547 2240 2962
45 790 6506 4644 9887 8203 915 4726 1020 1019 366 4821 4134 6101 9265 450 6258 1042 1668 9968 2240
46 3005 2279 3743 4644 4726 9640 2551 9293 8045 5330 3053 2741 7899 9265
47 4726 246 1423 2787 1796 7155 4407 9688 1020 8793 2744 6062 7174 1905 4345 8140 2486 9265 935
48 3005 4644 915 2787 3743 1181 2279 3523 8750 2744 3926 6258 9968
49 4644 5330 9636 9640 2279 3005 366 493 9526 1962 2486 2128 6258 6547 9968 935 2962
50 2787 4644 5350 779 7837 1181 915 3053 1581 4407 639 6698 9265 5825 4027 6101 450 4985
51 3005 3523 4726 2085 482 3743 2279 2551 578 4644 6258 6101 2240
52 3005 4726 8140 4407 2787 4766 366 2085 246 8792 9640 5038 4644 3745 578 9265 847 6258 7267 9968 7762
53 8549 366 2551 8140 3053 8260 1336 790 5330 7115 273 3005 2279 1181 4107 4985 6258 9301 6101 7713 9968
54 2551 3743 1323 482 8140 7155 2787 4644 4721 790 191 7899 6258 847 4985 2128 6547
55 8040 8750 4644 366 1905 4726 4407 2551 871 2331 5547 2128 6101 2240
56 3005 4644 4407 2551 273 8140 9132 3745 3523 6269 8040 5069 4667 7115 639 246 6258 8618 9007 8994
57 3005 4293 1336 493 5330 9688 8824 2486 4667 8792 273 6258 4086 3743 7459 8140 1956 9968 8125
58 2279 8140 9640 2787 3523 4407 578 8052 9398 9450 4644 6258 4928 7949 9968 8994 2240
59 2551 3005 4766 2787 2744 246 7155 2279 8140 3053 493 8549 273 4407 9301
60 3005 2787 1336 1905 2279 1276 9301 3523 4407 3053 9636 1020 8140 2486 8423 578 9137 6258 780 3111 2240
61 3005 4721 4644 2787 1122 9265 7155 273 4407 246 9887 5301 4293 6269 1625 6258 1668 9968 2240
62 4721 366 1020 4726 2279 3053 4407 6698 6258 3888 3523 8140 6269 9688 4027 4985 7709 9265 935 9968
63 790 273 8040 4293 2486 9636 2279 2741 8618 4721 2551 2787 1336 6258 4107 9968 6613
64 2279 8618 493 1181 3053 6698 3523 790 4721 3267 2787 6840 1323 6101 6258 7709 9265 2240
65 2486 9636 5135 9688 3523 2787 578 779 7028 1181 3005 8140 1956 1496 1670
66 6258 1336 4721 366 1181 4644 2486 7977 1423 2787 246 3888 9293 2744 8140 8618 1496 6101 9968 1668 3074
67 2787 8040 2551 6859 8140 1323 3005 1336 366 9636 3743 3523 1020 8260 9398 935 2240
68 2551 4726 7115 9636 3005 3743 6859 915 3053 2787 7718 871 6258 450 8140 3827 7880 1668 2240
69 4644 1181 9640 2279 8140 8260 9132 9636 4721 2896 2787 4766 4985 6258 6101
70 4644 3005 2551 790 4721 2486 2741 2787 2744 6859 8140 4407 4726 3895 8618 4027 6258 9968
71 3005 3888 2279 4644 2787 3743 7977 4766 4726 5330 8618 2085 6258 1668
72 3523 7837 2551 1276 1020 3743 4644 3005 5389 3053 493 8140 9132 6698 2979 6258 2240
73 4726 366 4644 2896 9636 6506 3888 2787 1336 3053 8140 6547 6258 9968 935 2240
74 2279 2085 246 3888 1181 1336 779 8824 2787 8757 6859 5038 4486 6258 450 4107 2240 9968 935
75 4726 7837 4293 3005 5330 7977 2279 7559 1323 6258 6698 8040 9265 8722 450 4985 7880 1668
76 366 3005 1181 191 2279 8140 5234 871 5069 790 6103 2331 1323 4027 7899 1962 4340 1670 1042 6258 7709 1625 7762
77 3005 4644 2551 4407 790 4726 8757 3895 8140 1581 3267 7461 2486 6258 4985 9265 1668 9968 935 6547 3894
78 2279 3005 2744 578 4644 2486 5234 8260 4721 2787 790 3926 8423 4027 6258 1252 1956 6101 9968
79 4644 790 2787 578 3523 5069 9640 3005 1181 4821 9265 366 6258 639 3053 8618 2790 8722 2240 935
80 790 4644 2279 6258 9636 4766 9132 3523 7461 4726 1181 9640 7049 4985
81 4644 2787 578 2279 133 1181 4726 2551 8618 4293 790 1336 8841 8140 8043 2240
82 4644 4721 8140 2551 2741 2279 7977 4293 9265 3297 3005 246 3053 2486 8618 7233 6101 7949
83 3005 2551 3743 8824 8140 6698 9636 4821 2331 7155 779 2787 9301 7709 7285 6258
84 9636 2486 3005 1020 246 8750 3523 4086 790 6002 8140 9301 2741 6698 5069 4941 6258 2085 9640 9688 6101 4985 9968
85 2486 3005 2331 4407 7837 8140 2279 5069 5135 3637 1181 4644 5546 1496 1625 7285 9301 6101 5715
86 4644 3005 8140 6859 871 3523 246 7837 790 2279 366 6675 1581 6734 4134 8618 2240
87 4644 8140 4726 2279 8040 1323 2486 1336 8342 2551 1181 5825 4293 3494 6258 7880
88 3005 4644 4086 2787 3523 871 6840 8140 4293 7155 8618 4941 191 6101 9968 7762 2962
89 4644 3523 578 1020 2408 3888 2787 6859 7115 9293 6258 9265
90 578 3005 4644 2279 2741 2551 8342 2744 631 4726 1020 4985 8140 9265 2486 9301 6258 6547 9968 7949 935
91 3005 3053 246 4644 5547 3743 2551 9887 9688 8140 9876 5069 4821 2744 8416 6698 1336 2128 4985 4027 9265 1042
92 9265 790 8140 3005 2744 1423 8260 7977 8342 5330 2551 1020 578 1336 2486 8824 3053 6675 9968
93 2279 366 871 8140 4721 4644 8052 9887 5389 5069 8389 4985 6258 1670 450 1571 9968 2643 2240
94 3005 4644 273 4726 1181 7028 1905 4941 5330 4667 3888 1336 6258 9007
95 2279 4644 5330 4721 790 7233 2744 9887 9636 8040 1336 1796 9265 6899
96 366 1336 790 6506 5330 4985 9640 4407 3005 7718 2744 1581 4086 4644 6675 6258 6101 9968 2240 8387
97 3005 4726 8750 578 4407 4644 8040 3053 7115 8140 915 2551 2128 4985 6101 847 6258 8387
98 4644 3005 2279 4721 1336 366 8045 7155 8140 3375 2744 9301 9265 6101 7880 2240
99 4726 1181 4644 3005 2279 4407 3743 8140 2787 8342 1072 493 2486 450 4985 780 6258 1625 2240
100 4726 191 8140 3005 578 3523 1323 2486 2787 273 9265 7155 1019 6258 780 4027 7880 9968 1668 935 2240
101 3005 578 4726 4644 8743 1181 4407 1323 8040 6269 8260 3523 1020 7285 9301 8618 4985 468 6258 8125
102 790 2787 2279 3005 4644 2741 4667 1336 3743 493 3053 7977 1905 1181 6258 9301 2240
103 246 1181 2741 8140 3005 8949 1276 9640 3523 4766 7228 790 3417 1020 7459 1072 3053 8507 2183 9265 6258 2486 9968
104 3005 8140 8260 3743 366 8618 4644 2202 8416 2085 2279 8750 246 6258 7880 9968 2240
105 790 2279 4721 4726 3743 2744 4644 6859 8140 3053 5069 273 9265 1276 4027 8722 1668 8994
106 2486 5330 1336 2787 8140 8618 3888 7115 8040 4644 8824 1181 4726 4667 6698 9040 2240 3894
107 2741 3005 4726 8260 2279 1181 246 790 2744 9137 9301 3297 353 4941 9887 1728 5389 9265 9293 9968 4985 1668 6613 2962
108 871 4644 246 2279 2551 4293 4407 2741 2085 1728 8824 1181 6002 8140 4027 450 1670 1625 6258
109 578 871 2787 4644 3005 1181 2486 2279 4726 366 8052 790 9265 6101 4985 935 9968 8994
110 1581 8140 273 3888 8416 1020 7174 366 9265 3053 2279 790 6698 3005 6258 813 4985 4340
111 3523 4726 3005 915 4086 2486 4766 1323 1423 578 790 2279 8140 9688 9265 9301 450 9968 8125 2240
112 3005 8140 246 4644 2551 9640 4293 2331 3053 2279 3153 4726 2741 2486 1668 9968
113 3005 2551 7155 578 2279 1336 278 8824 4293 366 246 5509 7899 545 8140 6258 2643
114 2787 9640 8618 3888 3743 2486 2279 7837 3005 9235 472 4985 1019 6258 6613 79
115 3005 578 2551 4644 2787 790 3473 3888 3267 5234 2486 8618 1670 6258 7709 2240
116 4644 2787 8140 2279 3743 9398 3530 3523 9161 6506 2486 9301 4985 935 3894
117 2279 2551 7174 4407 3005 2197 639 1072 6840 3523 8140 6258 935 3894 8994 2555
118 3005 2787 4644 4726 3053 4293 1336 915 4721 273 8342 3153 9659 8140 6258 8618 9968 3894 2240
119 3005 4644 3523 8140 4293 4985 2486 9636 3745 8342 2741 2551 4726 1336 9265 9688 847 6258 6101
120 3005 2787 6859 2331 2551 4644 4726 915 8260 8416 3053 6258 9301 9968 5715
121 8750 3005 2279 790 915 9132 2551 8203 3053 5135 1336 273 2486 8140 6258 2240
122 9636 7174 8045 3523 2279 4726 1336 1423 1276 9265 8043 2240 9968 1668
123 2279 4726 3153 2787 8750 1181 915 1336 9640 5330 7977 9132 6258 9301 3745 8618 1670 9968 8043 2240 1668
124 2279 4726 3888 2486 366 2326 1181 578 9636 8140 6258 3565 4985 9301 9968 8387
125 4644 790 3005 8045 5234 2486 1181 2741 2896 1581 2124 3523 6258 9040 6101 2240
126 3005 366 2279 273 4407 246 2787 6859 6468 4721 3743 8618 1072 9301 9265 6258 6547 4985
127 4726 790 6859 1336 3005 7155 2210 2787 278 493 273 9301 8140 8549 4071 6258 2240 6101 9244
128 4644 3005 2741 1336 4407 8260 639 7115 1181 578 1581 9876 1423 6859 8140 6258 4985 4060 6986 9968 2240
129 578 4644 1020 1336 493 9887 871 3005 8040 1181 4766 8618 2741 2408 545 9688 9265 9968
130 5330 790 353 3153 4644 8618 6859 493 2279 6506 1020 1181 8140 4985 9265 6258
131 8140 3005 4644 3888 246 8423 3153 2787 578 1020 4726 3523 9265 6269 9640 6258 9968 6547 935
132 3005 9688 2279 4086 9887 2551 9132 1276 2741 3743 9640 790 8981 3523 6991 6258 8140 9265 7709 9968
133 2486 4644 2279 3005 7837 915 9640 9132 578 790 2551 2787 8140 2128 3894 79
134 9887 4644 4293 4667 2551 7977 4721 6859 2787 2152 1020 6258 2240 8043 9270 2962
135 3888 2279 9640 6506 9161 5069 273 9459 790 246 6698 6258 4340 1625
136 2787 4644 5107 2741 4726 7977 6002 2744 493 9440 6258 6101 1625 8387 6613 2240
137 3005 4644 790 2279 2486 7977 273 4880 2085 2787 7461 6002 3053 8140 1670 9265 7713 9968 3894 2240
138 3523 3005 1181 578 366 493 4667 8824 1796 4644 2085 8140 1020 6258 6101
139 4644 6269 9688 6457 9887 2279 5069 493 2787 3297 1323 6062 2326 6258 6547 2240
140 3005 871 1220 8140 8203 9132 6991 2085 4644 4407 1336 6257 2896 2744 9265 3375 790 4134 6258 2264 1670 6547
141 2279 3743 2787 6859 3523 8140 578 366 4407 2551 2896 6258 1042 9968 935
142 3005 2279 5330 246 8389 8140 8040 9640 1336 5234 7582 578 6258 2331 4027 7709
143 2279 3523 915 7977 3743 273 8750 9636 5330 6698 7049 7709 6101 9968
144 3743 4644 9887 8140 2787 3005 2279 7461 493 915 2744 1336 4134 7899 6101 935 1668 7762
145 2279 3005 8260 4726 2787 5687 3375 9235 3417 3926 7837 7049 450 1042 6258
146 366 2486 4726 8140 2787 9265 4293 6269 1020 5525 4721 4644 2744 1276 6062 6258 450
147 4644 790 4293 9265 2896 3417 2744 4667 4726 273 2787 4407 4985 9301 8140 9968 935 2240
148 3005 2787 2551 5330 2279 2486 3523 3766 8040 779 2183 2744 1252 4027 9265 9301
149 4407 2279 2744 871 9887 2787 3523 3926 8140 1020 4644 278 273 7459 7049 9688 4985 450 2240
150 2279 5389 790 4644 3523 4407 7582 9640 2515 4667 1181 5234 2486 4985 9265 6054
151 4644 4726 3888 1020 2787 2279 3523 2896 4880 8140 6258 4985 8618 6101 1668
152 1181 2744 2279 4726 3888 246 2085 2551 4644 4407 2152 9640 6258 9301 6101 2240 6547 2962
153 9636 2279 1181 9235 4407 4644 9132 631 8750 8618 2787 780 7049 6258 9968 5715
154 2787 3523 4407 366 6840 5135 7115 6457 493 3743 6258
155 790 4644 3745 366 8140 3005 1694 2787 7734 1905 6506 2486 9332 5509 6258
156 2279 1181 5330 3888 4726 2551 578 3005 8040 2744 9132 2085 7049 9301 935 9968 2240
157 4726 2279 482 2787 4644 4667 8750 6258 9636 790 6698 133
158 3005 4644 2787 7155 8140 246 5525 915 2331 3053 9636 9132 4726 2486 1181 9265 4340 2240
159 871 2551 8140 3005 1020 4086 3417 4726 2787 3053 2741 8949 9301 1905 2279 5038 8824 6101 6258 9968 7413
160 273 3005 3523 2787 2744 8140 3494 8040 8618 8342 4726 6379 7115 813 9640 9301 6258 7709 4340 2240 9968
161 4644 246 2279 7155 8140 2486 2744 3005 578 7233 3523 2152 7899 9640 6899 9968 2240
162 2085 8140 3005 472 9640 4644 6506 8389 1905 5107 2787 6698 2128 847 4985 7949 2962
163 3005 9398 6506 4086 2486 790 2279 191 2787 2331 4407 9887 6698 6258 9301 9968 8387 1668
164 4644 5330 790 2279 9132 5389 6506 7249 4726 1336 8140 7977 9301 935
165 4644 4726 8140 3005 2486 8045 9636 9526 2331 2744 1496 246 8841 2240 8125
166 2279 790 3926 3523 366 1020 6859 246 6457 4027 6258 4486 5389 3473 9265 8618 7049 935 3894 2240 5715
167 2787 4721 3743 1323 246 6457 578 8260 8140 2551 6859 3005 4407 6054 1496 9968
168 3005 3523 7155 1020 2551 4721 2085 9265 8140 6859 1423 3297 9887 482 9137 450 4985 1668 2240
169 578 3005 8140 4407 3888 246 2551 779 4100 7155 8824 6258 2744 2486 9265 6920 9301 9968 2240
170 9640 2486 8140 3743 4644 2787 639 8618 10 366 5330 3523 482 8949 3745 9265 4985 6258 780 9968 8125
171 3888 191 4766 3745 2326 2787 5069 2279 4726 1323 6859 4941 9688 4985 7880 2240 2962
172 6840 578 4726 4644 2551 6002 8140 8992 353 5547 8618 4985 9301 1042 6258 3894 9968 3012
173 3005 4644 2551 8140 1181 8040 3053 3888 4407 9636 1423 8260 6859 2486 4107 6101 6258 9265 935
174 4726 3743 9640 3523 4644 790 366 5961 1336 493 2279 9968 6054 1042 6258 3894
175 4644 8416 9636 2551 4726 6103 4293 1181 2744 3005 2741 6258 9265 8140 9688 8125
176 3005 8140 273 4726 5961 2486 4667 366 493 2744 2202 4721 1276 1336 1956 1670 6258 4985 9968
177 3005 8140 5330 4644 493 273 1020 9265 9688 1796 8981 1181 7115 6506 5525 1956 9301 5715
178 8140 2279 2787 3005 2741 4644 790 6468 5234 1181 8389 6859 3743 2486 8618 4027 1042 935 9968
179 3005 2279 4726 2486 6706 6258 8140 5308 6062 3153 6899 2152 6598 1336 5389 639 4027 4985 7880 6054 6101 935 9968 7762
180 246 4644 4407 871 8140 3005 790 3523 1020 366 1323 2787 578 2586 6258 6101 1668 79
181 2279 1336 2744 1276 8389 1181 779 4726 3743 3888 8618 6258 9659 9688 6054 6547 8994
182 4644 3523 3888 2551 578 9640 3297 4667 6859 2787 8140 6258 6675 6054 6101
183 3005 9640 3523 2787 8824 366 2279 7174 3417 1181 246 2085 7233 9265 4985 1252 2240
184 3005 8140 3743 1276 2279 1020 366 9640 273 2787 4644 1323 482 9265 133 6859 2085 8618 4027 847 6258 9968
185 3005 1336 2279 790 8618 2202 2408 4407 366 3153 4644 3417 5234 8140 9265 6101 1496 9968 9301 2240 79
186 3005 3743 4086 915 2744 5330 141 6269 949 6468 4644 3926 7837 8040 4407 6258 9265 6101 4340
187 4644 3743 7155 246 2486 8140 790 5069 4407 7461 3005 8175 6859 8824 7459 9640 9301 7285 6258 3936
188 4644 9636 8549 6698 366 1020 4721 7837 5754 482 6258 4362 6054 2240
189 366 4407 2787 4644 2741 7559 8416 9301 1371 4721 8140 7285 6899 7880 412 5715
190 3743 2787 2896 4644 8045 6675 278 7837 1020 8618 493 3926 8140 7049 9265 4985 935 2240 79
191 4644 4726 2787 8140 1020 7582 2279 9675 3417 8992 8618 6258 2264 6101
192 8140 4644 4407 2787 3926 4766 790 1336 2085 5330 2202 2279 6506 3743 8841 8125 2240
193 4726 4407 2486 273 4086 4644 3766 2279 6457 154 3053 9301 6258 7880 6547 935
194 3005 366 915 2279 493 5389 1181 790 1020 246 2408 4644 8140 9265 4027 4985 6258
195 2279 2551 1336 4721 2741 3417 2744 472 1581 2203 493 1020 6258 4326 9968
196 4644 8140 8052 4726 3053 4721 3523 6269 5069 9640 5617 5525 5038 1020 4985 3894
197 2279 8140 2741 1181 4721 4644 3895 8040 8824 9301 1796 273 4726 3005 9265 9968 1625 2240
198 8140 790 4644 2744 3005 2279 8342 1181 578 366 4407 2787 3297 1020 6258 6547 6101 935 9968
199 4644 2279 4293 4407 4726 8140 4086 3888 5389 3523 9301 3827 4985 2240
200 2279 3005 1181 2551 8140 3523 8052 4726 4721 915 1020 4985 6269 7285 9129 7762
201 8140 8342 2551 8389 3005 4644 3743 3745 8618 2787 2741 2744 1423 366 9301 6258 2085 9265 4985 9968 1668
202 3005 1181 1336 2279 366 2787 9636 790 4644 1423 1020 10 3745 6258 1323 9688 6101 4985 9968 5715
203 3005 2787 366 1336 9636 8140 4086 4644 2279 9265 246 8750 639 5232 7213 4985 9301 935 2240
204 2279 2787 4644 1020 4726 9640 6698 4407 366 1181 7977 8140 4293 8342 4985 9301 4107 9265
205 4644 578 1020 7155 2744 4667 1072 3005 915 2486 1581 4407 790 8507 2085 7233
206 3005 2279 790 2486 6859 4293 6258 4726 1336 4486 2787 9640 2744 4721 8140 9265 6054 4340 9968 2240
207 2279 1020 790 2744 6991 5107 3297 5389 3417 2408 915 3926 8140 9968 2240 2962
208 3005 4644 790 7977 2551 8140 246 4726 2787 1423 4486 7461 8040 8342 4027 4928 9265 6101 6258 745
209 2787 4086 4726 1020 2279 3523 8140 4644 9688 7977 6991 5754 9265 1042 6101 9968 2240 3894
210 2279 2787 915 1020 7155 4721 7233 1181 5350 3417 8203 8342 6258 8140 9301 1668 6054 2240
211 3005 8140 4644 2486 790 4293 2279 2787 5330 1020 2551 8618 1336 7115 4134 246 6258
212 2787 2741 3005 4721 2279 4486 4086 353 9636 6859 9440 7977 8040 2240 8125
213 1181 4644 3888 3005 3523 4726 2741 7155 8743 2279 1336 6258 6101
214 3005 2279 366 790 9265 9636 9640 7559 4644 3417 246 578 9968 1668 2962
215 3005 2741 273 3888 5330 9640 1336 8140 6249 8549 5135 8389 9301 6258 79
216 4644 2787 2279 4726 4407 133 8186 3888 4782 9301 2486 6258 7762
217 4644 578 790 273 246 2279 2202 2787 366 7028 8342 9265 8140 4985 9968 935
218 4407 1336 2787 3743 2741 3005 8140 4644 1020 366 2279 8750 5069 5389 9301 8618 8043 2
219 273 6258 3005 790 3053 1181 2486 9576 9636 6698 4821 8416 191 7049 4941 9265 3523
220 3005 4726 578 1323 1336 1423 1181 366 2486 2787 6103 1122 1019 5547 8040 6258 8140 8618 9968 745 2240
221 4644 3005 7837 8140 9636 2486 3267 6062 7028 4721 1181 5155 6269 6675 4985 8618 7880 3894 8994 2240
222 191 4644 3523 790 8140 6698 6103 2787 1019 472 4880 6269 6258 3053 1625 9968 2962
223 3005 790 4644 1020 8140 2279 6859 246 4821 6506 2787 4667 1072 9301 6269 6258 5307 1668 2240 5715 2962
224 2279 3417 5634 9640 790 4644 5525 8824 366 5509 2486 482 5155 6258 4928 1496 2240
225 4644 3743 2744 5330 3005 6859 8175 790 1181 482 4293 1796 9265 1496 7285 6258 6101 9968
226 2279 8140 2486 1020 3743 790 779 2408 4726 1181 4293 6859 2264 5234 8618 9968 2240 1668 2962
227 4644 1181 2279 8140 1323 3005 790 8040 3523 2551 2486 1020 8045 4985 9688 6258 9301 9265
228 3005 246 4726 2279 3053 1423 493 6249 8750 790 9887 9688 9265 9301 450 6258 2240
229 2279 4726 578 3005 6269 6859 790 3417 8140 2486 1020 3523 3267 9640 3926 6258 9968 2240
230 4644 2787 493 9265 5509 949 3005 246 8549 9688 2486 6506 790 273 4407 2085 7447 8140 1670
231 3005 4644 2551 273 915 2279 9440 790 8040 8342 8140 6519 2787 1336 6258 3111 935 1668 9968 2240
232 4726 2551 5330 2331 2787 1336 3005 8260 6698 2279 2085 5351 9659 9301 4340 6899 6258 7880 2240
233 246 8140 4644 2279 2787 639 1323 3523 273 1020 8040 1181 5107 8618 4027 9265 6153 9968 2240
234 2787 2279 790 2486 4644 2551 8052 4721 4486 2741 4766 871 8140 6258 4985 6547 9301 1668 2962
235 2551 1181 790 3005 2279 493 8342 3523 366 3743 3417 3053 6258 9265
236 9640 8342 4644 2279 2085 3005 8052 639 246 8203 790 3053 9159 2124 2486 9132 8423 6101 4985 7949 2240
237 790 3888 2787 3743 1276 6468 4293 8203 6859 2279 3005 3837 9265 6258 4985 9968 6101 2240 2962
238 4644 4726 8140 1336 3743 6457 4086 366 1020 4407 3005 2744 2896 8507 2128 6054 935
239 3005 2741 7115 4644 2551 4726 9636 1336 6840 1181 2744 3417 545 2486 3053 4107 9265 2240 9968 2962
240 3005 8140 4407 3888 1181 2744 5525 2551 1323 1020 3417 2202 1423 7837 9301 6258 6547
241 3005 2486 790 1905 2551 2331 9636 5547 8140 1336 8416 8815 4667 6698 366 6258 9666 9301 79
242 3005 2279 8140 4086 1423 4726 9640 8260 9301 7115 9265 1336 5330 639 246 4407 366 6153 2240
243 2279 1020 4644 2741 3297 3523 5547 366 9235 578 273 6258 1252 9301 4326 9968 6054 935
244 4644 9265 2787 2202 6258 246 8203 8052 4407 2896 5961 2744 1581 2486 6786 9675 8140 6101 4985 1496 7880 2643
245 3005 4644 2551 246 578 2787 3523 7451 3473 3743 6258 8140 9265 4340 6054 9968 935 3074
246 1336 3888 4766 1181 8750 9636 2486 1020 5330 1122 3005 2741 3743 6269 1496 6101 2240
247 3153 3523 8260 4644 2279 2202 9876 4721 8040 6269 9688 7285 7709 2240 6258 9968 1668
248 3005 4644 8140 366 246 3297 493 4721 5839 1020 5330 2551 9640 6258 4027 8125
249 4644 2279 3005 2551 366 4726 6859 8140 2787 493 3053 1276 8618 9265 6258 9301 4985 450 6054 2240 2962
250 3005 3888 2085 3523 4726 578 9398 8140 9265 790 1694 4407 9640 3637 1020 450 6547 6258 3894 8125
251 790 3005 2279 3053 8140 8416 2787 4721 2551 6506 8824 639 2085 780
252 2551 3005 7977 9640 2787 8040 915 6249 2279 2741 7228 246 813 8140 6859 2183 7949 2240
253 8140 2279 4726 5330 3053 4407 3005 779 8040 871 366 790 1020 2787 780 450 1496 1625 6258 2240
254 3005 1336 4644 7977 8140 2279 246 1581 790 1796 7459 6103 3297 6457 1276 9688 6899 6258 2240 9968
255 9688 2787 790 2551 798 4726 5069 2486 3005 5234 8618 1694 2741 493 4667 273 9265 6258 450
256 4644 3005 3053 273 8750 2279 8743 9636 6002 7115 6258 6698 2240
257 3005 2551 3523 4644 6859 2331 8140 3153 2203 1581 5389 3743 790 9640 7459 6258 2240 7949 9968 79
258 4726 8140 7155 2787 2551 2279 191 1276 5069 4721 1020 133 4985 4340 9659 9968 1668
259 4644 4726 8750 3743 493 5330 949 273 3005 1220 9265 8140 5536 6258 6054 2240
260 273 4086 6675 1423 1323 1336 3926 3888 3053 4667 8342 6258 790 3005 2279 1181 366 8618 847 6101 9301 450
261 4644 1181 9640 8140 790 1020 9301 8549 2279 8203 949 4407 4726 4667 6258 5442 2741 7899 2240
262 4644 790 2744 5234 9636 4721 1020 2279 3523 9265 4726 6258 4027 6101 2240
263 3005 4644 246 8750 3523 2279 8260 578 5330 9265 2085 6258 4985 9301 935 9968
264 1336 3005 1020 8140 4293 7155 2279 6698 1905 2741 4721 2787 9235 5234 4941 9301 6258 468 4340
265 3005 4644 790 6506 1336 273 2551 3766 915 2279 366 6351 9265 6101 2240 3982 2962
266 3005 4726 5330 2551 2279 191 366 4721 915 780 6258 7762 2240
267 4726 5330 8750 2279 1181 8040 4086 1496 191 141 1423 8111 6258 9265 1252 4340 2643
268 4644 3005 4726 4721 1423 8140 790 2551 2744 6258 9265 366 9636 5234 1625
269 3005 4644 3888 5135 9640 2279 6506 4667 6267 3745 4941 6258 9265
270 4644 2787 790 2279 8618 1181 2744 1323 4726 3926 1423 273 246 3743 6859 450 6258 6101
271 3005 4644 3523 3888 2486 4721 2551 578 1181 1323 7899 8140 9301 9265 450 9968 935 1668
272 9640 4721 8140 4644 1020 6457 6269 4407 8824 6840 3743 5069 790 7155 9265 2962
273 8140 790 2787 2279 1181 9132 1336 9640 483 1020 5330 1694 6506 5961 7321 1496 6258 4985 2240 3894
274 4293 4721 7837 8750 2279 3153 8618 2551 8140 6840 545 6258 1670 4027 4985 935 9968 2240
275 790 3005 2551 578 1336 3053 1020 779 9265 5330 2486 2787 8793 4644 4941 8140 6258 9301 8722 6054 2962
276 4644 790 3743 4407 3005 2331 2896 4726 8140 8203 8992 6258 9301 4326 9968 2240 935
277 2486 9636 4644 6457 4726 7155 8618 4293 578 5509 2787 9688 8125 935
278 4644 2787 2741 790 4726 7977 6698 2331 8618 3005 1694 9887 9640 1336 5234 6258 5547 1496 8140 7285 450 6054 6101
279 3005 2787 2741 482 1220 1323 8618 8140 9887 7837 4407 4644 2551 5135 7899 6258 1670 7874 9301 9968 1668 2240
280 2741 2279 3888 790 8549 871 4644 2787 7115 7155 246 1905 9688 6258 6101
281 3005 4726 790 366 4644 8140 1020 1276 4486 4721 8618 9301 3743 6269 4407 1581 1181 7285 6258 6101
282 4644 578 9640 366 1323 2896 2486 2787 4667 7233 8140 790 4407 1181 3837 4766 8618 450 7880 6258 2240
283 2279 4726 1336 4766 493 9636 7155 4644 8140 4721 7049 7285 450 6101 6258 6547 2240
284 871 8040 9887 4644 3005 8140 3743 8750 2279 3375 4086 8824 9132 4134 2741 6258 1668 2240
285 4726 4644 3153 3005 2279 790 8140 2202 3888 6698 8203 1020 4345 4985 4027 9265 3053 2962
286 3005 4726 4644 2551 6859 3523 8052 3926 2202 4407 790 6991 9265 450 6101 1668
287 2551 3523 3888 3005 3743 1020 1323 493 7028 915 9265 3053 8140 1042 935
288 2279 3005 3053 246 6266 8140 9640 4644 6258 2787 7228 4667 3523 2744 1542 6153 6054
289 4644 8140 2279 2744 3267 3745 790 5872 246 9636 4726 6457 6258 2183 6101 9968 8722 2240
290 4644 3005 8140 1020 1181 7285 2551 3888 2279 1371 4821 4407 1668
291 4726 3005 273 4644 493 667 6269 6859 4086 3297 3523 2741 8140 450
292 578 3005 2279 2741 2787 273 3523 6457 8618 4721 5509 6258 9265 9968 2240 2962
293 4407 2486 7559 1323 3743 9640 8618 8824 1581 4726 3417 191 5961 1181 9301 813 1020 6101 9968 1625
294 4644 1336 790 4407 3005 2279 3417 8140 8618 3743 8416 6267 4726 6101 6258 9040 9265 7880 9968 1668 3936
295 8140 4644 3005 2787 3888 8040 6859 2124 1423 7977 5546 578 6258 8618 6101 9265 4985 935
296 4644 9640 2486 915 9688 6698 4726 1181 779 1323 578 366 9235 813 1020 6258 450 935 3894 2240
297 2279 4985 1323 1181 472 3417 631 4391 5330 7174 3743 847 4340 6258 1956 9968 2240
298 4644 2279 1181 2787 2408 8140 3888 493 3926 1905 2486 5097 1336 9265 9301
299 790 6698 915 4976 4644 2331 2486 3417 3888 4407 5961 8140 6258 2085 4985 1956 1668 9301 6101 9968 79
300 8140 4644 5330 1423 4293 790 2210 2744 639 3297 4726 9688 2486 9640 9265 6258 6054 5715
301 2787 2551 3743 3005 3895 2279 8140 4407 3523 4644 915 1323 2486 9265 6258 7285 6101
302 8140 3005 790 4667 8981 1336 8342 3888 6506 2787 493 6991 5509 6351 8618 9659 1042 6258 935 9007
303 2279 366 8140 273 2744 2551 3417 1581 3523 3297 8981 1181 1728 6258 7762 6101 9968 6613
304 3005 2279 578 4644 2551 9636 6506 3743 790 8342 847 2741 6101 935 9968 79
305 4644 2279 3005 790 6457 1181 6698 7228 3837 2741 3417 3745 4486 9293 8140 4985
306 3005 2744 790 2787 7174 2279 8140 273 246 7899 6457 2085 2551 1181 9265 5097 7049 9968 7949 2962
307 2486 3005 2279 2741 9132 9688 2085 3926 2331 4644 4766 4726 5234 1181 273 4407 8140 1496 9968 4340 2240 8125
308 4726 3523 578 482 1323 6457 5795 191 915 246 6258 4985 450 9301 8043 9968 1668 8387
309 915 5330 2279 2551 273 8750 8342 7977 9636 7115 9132 6258 7880 6547 1668 935 2240 2555
310 4644 790 578 3005 1181 2279 3743 2741 2486 9636 7899 154 1336 8618 6258 1625 9968 8125
311 2551 3005 1336 3523 6859 366 5330 1423 2202 790 2279 8566 9688 5547 6258 7709 1534 9968 5715
312 4644 5330 7155 4721 9640 7977 3297 2279 2551 1336 3053 4429 4027 6258 3111 4985 8841 7880 6547
313 2787 8140 1276 790 366 2279 7115 1336 6698 6859 2331 3523 8203 1042 847 6258 935 5715
314 790 4293 3743 7837 7155 3005 246 2721 4667 8140 9265 8203 2202 9887 3297 6258 1668 9968 6613
315 4644 9640 2787 790 1336 5509 3523 273 7461 2896 8750 4985 8618 4107 9301 9968
316 4644 2787 366 1020 2741 4726 4721 9636 6859 5330 3005 3745 9265 935 5715
317 3888 4766 246 790 8549 5135 8824 6859 1020 2741 7837 3153 4486 2486 9265 9301 6258 6054 7709
318 3743 1905 4407 1181 4644 2486 9640 8140 3005 1978 2279 6258 4726 2744 7461 8618 7049 9265
319 2551 6859 3523 5330 915 2279 2787 3888 578 6258 6101 4340 9968 3074
320 4644 3743 2279 5330 3926 8824 2787 3153 4726 3523 1336 8618 8423 4985 6258 9968 3894
321 3005 4644 5234 1220 8618 1905 790 2085 9640 6002 8981 2551 2787 3745 7155 8140 6258 6101
322 8140 4644 8040 2486 9526 3523 482 578 3743 5330 2744 3053 6101 6258 9265 9968 7762 3894 2240
323 2486 2787 8140 366 2279 1181 915 8040 790 1019 8260 3297 6859 9636 9659 9301 6258 4340 79
324 4644 2279 2486 8140 2551 2314 472 273 7734 3743 133 6547
325 1336 790 915 493 9640 9265 6506 2486 2744 4726 5135 3743 8260 9132 8140 6258 1668 7762 9968
326 4407 1323 5069 1181 366 2279 4726 2551 578 191 7115 6258 935 1668 9968 2643
327 3005 4086 4644 2486 6266 8743 5330 1323 3745 8949 3743 1181 1336 366 8040 8618 8140 7899 1962 7049 4985 9301 8043 7709 1668
328 2551 790 4644 3926 3005 8416 4726 8140 1905 8045 7977 4407 2741 1670 847 6547 6153 9968 6258 7949 2962
329 4644 1336 3005 2486 8260 7977 3926 578 1181 8750 790 6991 8140 5687 4941 9301 6258 6101 9968 6054
330 9640 3005 246 7155 3417 790 1423 2279 3523 9887 1122 2787 1181 6258 2486 8140 8043 6101 9968 935
331 4644 4721 3005 3523 9636 273 2279 1694 790 8140 8618 9265 6547 9301 6258 1668
332 3005 4644 9636 8140 3926 1336 2741 790 8342 4766 3523 2787 5107 1020 2486 1668
333 3743 2279 3888 7559 4644 9688 3494 4407 8140 871 6468 2741 6258 7285 9968 1668 5715
334 2787 191 6698 2744 4721 4644 7977 7115 273 1423 8040 5961 6258 4027 9968
335 4644 3888 2744 3743 246 2486 2551 4407 6457 639 3267 1181 8618 8140 2741 2240
336 4644 1020 2551 3888 1181 8260 1323 8389 2486 3417 3153 9688 133 8140 4941 6258 4340 2240
337 3005 8140 4667 2551 3153 915 4726 779 2787 5069 6859 366 1122 6258 9265 4107 1668 745
338 578 8140 3005 2486 6103 4726 2744 1072 1019 2279 5308 2787 8618 9265 9398 9301 6101 450 9968 2
339 3005 8140 6258 2279 7155 9887 6675 493 3837 3743 8203 4293 133 8618 4667 639 1323 5038 745 9007 2
340 2279 1581 7232 1181 6859 366 790 6457 3005 3888 4985 8140 7233 9688 1670 6258 6101 9968 2
341 3005 5330 2486 2744 9265 8040 4644 4941 2279 4407 246 2085 8045 4726 1962 6698 8140 6258 6101 2240
342 3005 4644 2551 1336 8140 9640 3523 578 7228 3837 790 2279 1020 4985 6258 9968 79
343 3005 2787 915 4667 4644 8140 5330 2551 4345 1181 3153 7837 5350 6258 9301 9265 9968 6482 6101 1668 935
344 2787 9640 9301 246 8140 2741 2279 366 1181 9265 8750 3005 2085 6258 1072 5330 6859 6698 5069 2128 7709
345 2787 9265 7155 366 2896 7977 2279 8040 1020 4407 4667 9636 8203 8140 8722 6547
346 2787 2279 7155 4726 8260 4293 6991 5547 9265 3837 1181 4985 1581 915 9132 8140 9688 6258 9301 9968 2240 79
347 4086 2279 2551 4667 9876 631 8824 2741 7228 2486 1019 9301 3743 246 4985 9659 6258 6101 1668
348 9636 366 4644 790 8342 4721 7028 7233 3523 3637 246 6258 8140 7285 7709 935
349 4644 1336 3523 8750 5330 2744 2741 9636 790 1276 2787 4027 9688 8140 2264 6258 450 6101
350 4644 246 3005 790 2787 578 9636 3523 1336 2279 8140 366 9968 6101 321
351 4726 8140 2279 1020 8618 2787 2486 3745 7233 366 3743 8743 8045 8052 1276 6258 745
352 3005 4726 2551 2787 1020 4293 8140 1336 9640 3053 7233 7155 8423 2203 472 4667 5547 6258 9301 4985 2240 9968 412 7949 935
353 4644 366 273 4613 353 4941 472 4293 5069 246 4407 2486 8618 9132 9968
354 4644 8140 1181 2279 3005 790 6506 3743 9132 5547 915 2551 4985 5135 9688 6258 745 2240 3982
355 2279 4644 3523 578 4293 9132 3743 6859 3005 4407 2741 3053 6258 9265 9968 2240 2643
356 3005 2551 3523 2279 9640 4726 4486 915 366 1181 2486 8140 1020 5509 6698 9265 6258 9301 6547 3894 79
357 4644 2787 2331 4726 3523 6269 3005 8743 273 191 4985 8140 8125
358 3005 578 3743 4086 8757 5634 4821 5795 1323 8949 9636 1581 8140 9968 6258 6101 9265
359 1336 8140 915 246 4644 1020 3005 578 7899 6840 9640 8981 4721 4766 7285 9301 2787 9688 8387
360 3005 4644 1020 1796 9636 366 2279 3926 246 8040 9132 4086 4066 5617 4134 8841 9301 6258 6101 4985 2240
361 3005 3888 8140 2085 246 2787 4644 1423 2551 7115 4293 2486 3743 4941 1728 6258 9265 1252 6101 9968 1668
362 8140 4644 578 3005 273 2486 4726 790 2279 5330 2085 6457 9265 9688 1668
363 2279 3743 4644 3005 1181 7611 4086 1020 8140 2486 4667 9526 915 246 9265 6258 6153
364 790 3005 366 2787 1336 8140 2744 1181 4721 9636 9935 1276 5350 9265 6258 4027 9301
365 3005 4644 2787 8140 3888 1181 8618 4726 9301 3417 4066 5678 191 9688 6258 935 2240 2962
366 8140 4644 3005 790 366 482 5330 3743 8750 1336 6698 9636 871 3827 6101 4985 935 7762 2962
367 4644 790 3888 2787 8416 2279 8618 6698 8140 7115 9576 1694 6413 1336 9688 9265 6258 2962
368 8045 4644 2787 3005 4293 6258 191 2202 1336 493 8140 2085 847 745
369 3005 1423 2787 493 4726 3053 3743 9636 4880 7155 6859 4407 1323 3745 9301 6258 6101 1668 9968
370 9640 2279 8750 273 3523 366 7115 4766 1181 578 1020 6258 7709
371 8140 4721 8750 1323 8040 9640 2279 1020 4667 4644 3005 5389 915 949 9301 6258 1668 8125 2240
372 2279 4721 9688 578 8140 3005 9132 5135 7977 6859 191 2741 6698 4985 2150 9265 4027 9301 450 6258 9968
373 8140 1181 7174 3053 3745 6258 5330 3743 3267 5825 6859 8040 7155 366 7233 1336 4880 732 9968 2240
374 3005 2279 3417 8040 3530 9640 4293 8757 8750 2197 9301 8140 9968 7285 6101
375 9640 4644 3745 1323 4086 915 3005 1181 3523 1796 8549 3888 790 1956 949 1625 6258
376 6506 790 1323 2744 6840 3926 2787 2939 1694 493 191 871 4134 6258 9968 4027 935 9007
377 2551 3523 1181 4726 8824 6506 578 2279 9640 8342 5509 9688 6547 9968 935
378 3005 3523 3743 353 4086 578 2741 4721 4644 4407 8140 9040 1323 5038 6101 6258 6698 9968
379 3005 3417 2369 8824 9293 4721 8040 4644 8140 9301 1423 1181 3888 8618 4985
380 2279 1181 3005 3053 9887 2551 3153 1276 3743 4667 3895 493 2203 273 8618 8140 2085 6258 9301 1668 5307
381 4644 2787 2279 4726 2744 3297 5135 3888 7977 2486 8140 6258 9265 2085 9968 935 2240
382 3888 3005 2787 6506 7837 790 2279 4644 6840 6698 8618 4985 2264 6258 780 4340 7949 9968 2240
383 4644 1020 8618 3005 3743 7977 3297 2279 3888 6266 273 2787 4985 4340 6258 2240
384 4644 1181 5135 3005 2279 2787 8750 9688 3926 3523 5389 2085 8140 9132 6258 935 9968
385 4644 9640 1020 3005 2279 915 8140 3473 2787 9132 871 8052 2486 5330 4340 6258 1496 6101 6613 79
386 3005 4726 4644 1181 2744 8750 8140 6859 4667 2741 2279 9301 482 3926 6101 1252 9968
387 1336 2787 3005 2551 3053 9235 472 246 273 2279 7977 8824 6258 6840 8140 9265 9301 7709 450 6101 4340 8387 9968
388 3005 8140 4644 4726 6840 246 7837 4407 3888 2408 790 9216 1956 9968 9007
389 2279 4644 2551 191 6840 8260 8140 2524 9301 790 5069 7049 4407 6258 9265 4071 6547
390 4726 8140 3743 2744 871 3005 1581 6269 6002 4721 2202 4976 6698 4027 4985 6258 935 2962
391 4721 3743 2279 2787 3005 273 2551 4985 4293 1020 8743 6269 1252 1581 8618 6258 8140 9659 9301 5307
392 2279 871 273 8750 4644 8140 2787 3417 3153 493 6859 6258 1956 7880
393 3005 5330 2279 5107 915 7155 2787 2551 2085 482 6859 3053 1042 450 9265 9968 1668
394 578 3005 4644 1336 4407 8743 5330 9636 7559 4293 790 6258 9968
395 4644 4726 6269 4721 6457 578 3523 871 9265 9132 6859 6258 8140 7285 935 2240
396 2551 7837 8040 4644 9640 790 2279 5547 1181 4766 915 1323 5795 3005 4985 9301
397 3888 4644 6698 790 2279 6468 1905 2896 9640 2787 1181 4407 6258 6899 9968 935 2240
398 4644 4726 4407 2486 578 2279 3888 6506 790 6258 8618 1181 8140 4340 8387 1668
399 4644 578 273 3888 8140 4407 4667 191 366 3743 9688 2486 468 6258 9968
400 3005 1020 8140 273 578 2787 8618 3743 5525 9876 1181 3153 191 1323 4407 3926 7049 2085 6258 9301
401 4726 6457 2551 3523 6506 2741 3005 4644 8342 9640 790 9688 9968 4985 6258 2962
402 3005 915 4726 578 2551 9265 273 3417 2408 2744 2085 246 366 6258 450 6101 1668 2240 9968 3894
403 4644 790 2486 4407 9640 631 3267 3417 1181 1220 246 493 366 2744 4340 6101
404 9640 4644 191 493 2279 3153 6269 4667 4726 3005 2741 1181 8140 6258 9301 7285 2240
405 4644 8140 3005 2486 4486 4726 790 2741 9132 2279 4985 4667 2787 276 6991 2744 9301 6101 9968 1668 79
406 790 7837 8140 1336 3375 1423 3005 4644 1905 4721 4407 3297 5069 9132 6258 2240
407 8140 2486 4644 3005 578 246 2202 2279 1019 2787 366 790 1020 639 9640 780 9968 7762 2962
408 2486 4644 4667 9636 8140 366 3523 578 5509 4407 6506 8949 6258 4071 79
409 273 3417 790 3005 3743 2551 8750 4644 578 8140 3895 1276 6269 9968
410 3005 4726 2741 2551 1336 790 6269 3743 1323 2279 9640 4920 493 8140 7899 4027 1956 4340 7880 4985 6258 2240
411 366 8140 3297 2279 6991 3005 7028 3745 4726 482 5234 493 450 9968 7762 2240
412 3005 2787 5330 3895 7174 9688 3267 1020 4667 4726 7977 6457 3926 246 9968
413 4644 8140 3005 6269 2279 4721 6675 3926 3888 1181 7824 5069 4086 5097 2240
414 4644 2279 1020 8140 5330 790 2744 4086 8203 3888 8824 9688 3926 3005 4134 935 2240 1668
415 9640 3743 1020 790 2279 273 2787 915 3888 7155 493 7049 9293 6258 6101
416 7155 4644 3523 8750 3005 4726 4407 790 2551 8949 1496 133 847 4985 9968 9007
417 3743 3888 2744 3926 2085 5135 366 8052 2279 1181 8140 9688 3005 2486 6859 3053 4345 450 3111 2240 8125
418 2279 8618 366 2551 8140 1905 9459 3153 7559 4644 3297 6258 9301 9968 7285 6327 935
419 2279 246 790 366 4726 1020 4644 4821 8416 871 578 6258 4134 9265 9968 6101
420 4766 246 8260 4644 8140 3005 4721 7028 9265 4667 4985 6698 366 493 2085 6258 9968
421 3005 4644 8140 2551 790 3523 2486 4726 9640 6002 3888 6269 6258 4985 6101 9968 2240 3936
422 4644 6840 8140 578 5330 8040 9636 3053 8618 273 366 1181 4667 9688 790 6698 4340 6101 2264 9968 935 2962
423 2279 3005 9301 3417 4721 1694 6258 631 493 5069 2551 1276 6153 9265 7709 935 9968
424 4644 4726 2279 3005 2551 6258 9688 2744 9636 6840 8140 5234 7810 9301 7883 2240
425 3743 871 273 2279 8140 8260 4407 8342 9235 2744 493 5069 1581 1181 9265 8618 9301 2240 2962
426 3005 9640 8140 5330 4726 3926 3888 2551 10 4920 6991 4407 3743 4060 1956 1496 6258 1668 6054 3936
427 2787 366 4644 2279 3523 3005 9887 1336 9132 4726 6840 9640 9301 6675 6101 7880 2240
428 3005 8140 9688 5330 2279 2787 8743 3895 578 7461 1694 6859 4407 3926 2486 9265 9301 4340 1625 9968
429 2551 4726 8140 6840 3523 779 7837 8618 2896 2744 6258 9398 798 4985 6547 2128 5307 9968 2240 9007 2962 79
430 3005 790 6258 871 8052 4667 3523 6840 366 7155 7977 2744 2787 8140 6859 8618 9129 2962
431 3005 2787 2744 578 9636 273 4644 1181 2203 1336 4721 9887 8140 6258 1728 4985 1670 9265
432 790 2279 8140 8175 8052 366 8342 2787 2551 8389 3417 9968 2962
433 4644 4086 3523 2787 2741 4721 2202 2896 3005 9636 6269 8618 6258 8140 6101 6613
434 2279 3005 2486 6859 7155 2551 3743 6269 8140 1019 493 7718 9640 3745 450 6258 9301 9265 6101 935 6054
435 1336 2787 3523 366 8175 4644 2279 493 5389 4178 4985 7762
436 3053 2787 8140 578 8992 3523 246 9636 7582 2486 9887 3926 2551 6258 4728 6547 2240 2962
437 4644 4086 578 6840 2279 1336 5509 3745 5330 8040 6258 8824 1905 6101 2787 9968 935 6613 5715
438 3005 3473 8824 4644 1336 2279 1020 9132 5617 2331 2744 4985 9301 450 6101
439 2787 8140 2279 3005 9887 871 4726 9459 4667 482 9636 9265 5069 6258 6899 9968 2240
440 3005 366 2741 4644 2486 6506 790 7459 8824 1796 5350 8416 2721 133 9265 1496 6258 847 4314 935 2240
441 3005 7155 8140 2085 1220 4293 3523 191 2787 273 2331 1323 9265 4027 7949
442 2551 2787 3005 5389 5069 7837 578 3523 915 3888 5038 9265 6101
443 4644 4293 366 3523 8140 3417 871 4726 790 2279 9640 9265 6101 9968 9244
444 4644 2787 3005 8140 2279 4407 4086 790 1122 670 1728 4726 578 2741 4985 4134 1496 6054 2240
445 4644 790 9640 8618 4667 2787 2486 493 4721 1276 6002 9235 2128 8140 4134 6258 9265 4340 6101 8387
446 790 3005 1323 2787 7115 578 2551 2279 1181 1336 8140 2744 8618 3745 472 6258 6101 9968 8387
447 3005 4726 246 4644 1020 2486 6506 6103 2787 578 5234 366 3745 8140 9265 6269 6258 4985 2264 3894 6613 2240
448 4644 3005 779 8140 4726 246 3417 9132 578 871 2279 6258 1019 6698 6920 7880 3894 2
449 3005 191 4726 2744 2787 9640 2279 8824 1107 2331 6258 8618 9265 2240
450 4644 2279 366 1181 8140 3005 246 790 9640 273 4721 7461 5872 1336 4985 2962
451 6859 2787 9636 4644 8750 8140 7977 8342 3053 1181 3888 366 2486 4985 935 2240
452 3005 578 3888 4726 4644 1020 8260 1019 2741 2787 6269 3297 4985 6258 9968 8994
453 2279 578 3005 1336 4726 2486 790 246 915 5525 7381 5330 6258 9640 9265 3926 450 6101 9301 1042 1496 9968 1668 3894 7762
454 1181 3005 2279 3888 7174 6859 4726 8342 3153 2730 2744 2741 9640 6258 9265 8387
455 2551 2741 4726 6859 3888 3053 3005 4644 1020 2787 8342 7559 5547 6101 935
456 4644 8140 5389 3523 2551 4407 4726 9887 9301 7461 2741 3417 2730 2486 4985 1670 6258 1496 9968 6054 8387 2240
457 4086 3005 2279 7155 8140 9688 1423 8750 1336 4721 4293 4407 8040 9301 935 3894
458 3523 5069 1181 7977 2279 3005 493 191 8824 1336 790 2486 6258 450 9265 6547 935 2240
459 4644 3005 4293 7155 4726 7899 3743 3888 1276 3417 1019 1323 6258 7285 7709 2240 935
460 2551 8140 1962 3888 7228 2744 191 8260 1694 2787 1276 4027 2264 9301 8618 2486 6258 6547 935 2240 9968 7762
461 4726 2279 3743 3005 366 2551 4293 8743 7977 3888 8618 4027 8069 2240
462 4644 6258 7155 3523 9636 2551 1181 493 2787 2741 2744 2486 3053 8140 6101 1625 9968
463 3005 9640 1181 6258 2486 6506 6002 3895 1020 4644 5634 8618 7611 2741 6675 9398 1728 9265 6101 6613 935 79
464 4644 8618 2202 4407 2551 493 4293 5069 3005 2203 2787 4667 2741 1962 9265 6258 6134 9968
465 3005 2279 8140 2787 3743 9636 790 2741 3926 8618 4644 2486 366 2551 8743 6258 9688 9301 9968 450 2240
466 2787 3005 3888 4726 4644 8342 9640 2279 366 8140 9636 4985 246 2183 847 2240
467 3005 273 246 4644 790 4721 3523 4407 4726 2279 9640 3926 6258 9301 745
468 4644 3005 578 8140 2279 4086 2787 3523 3153 3743 5330 8618 9640 4985 6258 9265 8043 9968 5715
469 3005 4644 3743 4766 6859 9636 8549 3153 5872 3523 6468 2085 3053 3926 1042 6258 4340 2240
470 1181 790 191 2279 3523 2551 4721 1423 4726 9968 6258 6054
471 3005 2279 2787 8140 1019 4726 8342 6899 4721 4880 246 3745 6859 6991 4077 6258 9640 2085 9301 9265 6101 9968 1668
472 4086 3005 7837 3523 2331 3417 2741 8260 4721 246 8140 2085 8040 4985 1670 6258
473 2279 578 3417 4293 5350 9887 3005 8140 3895 6258 2741 366 4086 3745 9301 9265 8841 1668
474 1181 4644 1336 4407 3523 4667 9293 8140 493 2787 3743 4766 2085 3837 3926 3005 6258 9265 9301 7949
475 915 1020 3005 7155 871 9132 9450 7837 6698 8052 4920 8203 9688 2486 6258 7285 7880 2240
476 4644 1020 8140 2279 4721 790 8949 4293 8342 3053 9636 6269 3743 7285 7049 847 9301 6258 2240
477 4644 2486 578 366 493 6468 8949 4721 2279 6258 5509 8140 4340 7880 9265
478 3005 2279 4644 5135 8260 5330 3267 7559 5069 9688 2744 8140 6258 9968 1668
479 4644 1181 6840 493 1122 1020 4721 790 4407 1905 6103 8140 4766 9659
480 4644 8140 790 2279 366 8052 1020 3523 8992 6506 9301 6101 6258 745
481 3005 9636 2787 4726 366 246 2279 1019 6991 6859 4721 2203 6101 6258 935
482 4644 4726 1181 8140 3743 2896 9132 8052 3926 3297 6859 482 6698 2486 790 8342 6675 7285 6258 9968 7949
483 8140 9887 4726 2279 8750 578 8793 6859 3053 8824 8841 2741 2551 8618 5097 7949 5715
484 4726 2551 7977 4644 1019 8140 639 1323 4293 8618 4721 2787 9301 3005 7949 2962
485 3005 4644 790 2279 4407 8140 493 4667 1323 5961 5234 2369 366 1181 6258 79
486 3005 2279 6698 4644 9636 8824 3745 6859 191 871 9301 790 9265 3743 813 935 3074
487 3743 4726 3053 493 6506 6859 8949 2279 790 3005 1252 1181 6062 5069 8140 1496 9265 9968 2240 935
488 790 8260 4644 9132 6258 2551 1336 8140 2279 366 3743 3005 450 5525 5069 3053 8040 7285 1042 7880 9265 732 5715
489 4644 6468 3743 4086 2551 915 3523 366 2741 3153 731 6258 1181 4027 9688 8618 6101 1956 8140 6613
490 3523 2741 3005 4721 1276 915 2486 2744 3297 493 7155 1181 1962 6258 4345 8140 9659 2240 6101 3074 1668
491 366 3888 1020 4726 779 790 2486 2279 3267 7925 6258 8043 6101 935 2240
492 4644 4293 2787 8140 3523 5330 9636 915 3417 4880 5509 2085 4027 8125 6054 6613 9968
493 790 8750 8040 2486 3005 2279 2744 9265 3743 2085 2741 8203 8140 1336 493 6269 246 8423 6153 6101 9968 6258 745
494 3005 578 8140 2551 3888 7837 6859 3743 2408 4644 8618 6258 9301 9968 2240
495 4644 3005 4726 8140 246 9636 8743 4407 2551 871 2896 5389 2811 5525 4345 6258 1042 4027 7880 2240 6101
496 1181 2408 6675 9887 5617 8140 3523 8260 4726 7837 7321 1323 4134 9040 4985 6258 8387
497 3005 4644 8140 246 5069 6258 2787 3267 7837 1423 9459 5350 6840 8618 949 9968 1668 2240
498 4644 4721 1181 366 4293 3005 4407 2279 2486 2744 8289 6258 9265 7880
499 3005 9640 8140 2551 915 578 2787 2085 1423 3523 5547 2279 9887 8618 5509 6258 9301 6899 9968
